<?xml version="1.0" encoding="UTF-8"?>
<!-- Generated by org.testng.reporters.JUnitReportReporter -->
<testsuite skipped="0" hostname="QAP22-PC" name="TestScripts.Tc1" tests="1" failures="0" timestamp="13 Jul 2018 12:06:17 GMT" time="9.224" errors="0">
  <testcase name="lg1" time="9.224" classname="TestScripts.Tc1"/>
</testsuite> <!-- TestScripts.Tc1 -->
